build/app/outputs/mapping/release/seeds.txt
com.partyshifu.RockK.MainActivity
com.partyshifu.RockK.MainActivity: MainActivity()
...
com.google.android.material.floatingactionbutton.FloatingActionButton: android.content.res.ColorStateList getBackgroundTintList()
androidx.core.content.FileProvider: boolean onCreate()
com.sangcomz.fishbun.R$dimen: int mtrl_navigation_item_horizontal_padding
com.pichillilorenzo.flutter_inappwebview.R$drawable: int abc_list_selector_disabled_holo_dark
com.pichillilorenzo.flutter_inappwebview.R$styleable: int[] ActivityChooserView
androidx.appcompat.R$style: int Widget_AppCompat_SeekBar_Discrete
com.google.android.material.R$styleable: int SwitchCompat_track
com.pichillilorenzo.flutter_inappwebview.in_app_browser.InAppBrowserActivity: boolean canGoForward()
com.pichillilorenzo.flutter_inappwebview.R$id: int action_bar_root
io.flutter.embedding.engine.FlutterJNI: long nativeAttach(io.flutter.embedding.engine.FlutterJNI,boolean)
com.pichillilorenzo.flutter_inappwebview.in_app_webview.InAppWebViewClient$2: void success(java.lang.Object)
com.google.android.exoplayer2.video.VideoDecoderOutputBuffer: int COLORSPACE_UNKNOWN
com.google.android.material.R$style: int Theme_MaterialComponents_NoActionBar
com.pichillilorenzo.flutter_inappwebview.in_app_webview.InAppWebView$6
androidx.appcompat.R$style: int Base_Widget_AppCompat_ActionButton_CloseMode
com.google.android.material.R$style: int Base_Widget_MaterialComponents_TextInputEditText
androidx.appcompat.app.AppCompatActivity: void onConfigurationChanged(android.content.res.Configuration)
androidx.appcompat.widget.ActionBarOverlayLayout: void setHasNonEmbeddedTabs(boolean)
com.google.android.material.R$style: int Widget_AppCompat_ImageButton
com.google.android.material.R$styleable: int[] FlowLayout
io.flutter.embedding.engine.FlutterOverlaySurface: android.view.Surface getSurface()
com.pichillilorenzo.flutter_inappwebview.MyCookieManager$2
com.google.android.material.R$attr: int lineHeight
com.sangcomz.fishbun.R$id: int btn_thumb_count
com.pichillilorenzo.flutter_inappwebview.R$style: int Base_V7_Widget_AppCompat_EditText
com.google.firestore.v1.Target$QueryTarget: int STRUCTURED_QUERY_FIELD_NUMBER
com.pichillilorenzo.flutter_inappwebview.content_blocker.ContentBlockerTrigger: java.lang.String getUrlFilter()
com.pichillilorenzo.flutter_inappwebview.plugin_scripts_js.PluginScriptsUtil: java.lang.String VAR_RANDOM_NAME
androidx.recyclerview.R$dimen: int notification_action_text_size
com.google.android.material.R$style: int TextAppearance_MaterialComponents_Chip
com.google.android.material.R$attr: int iconSize
com.google.android.material.R$attr: int materialButtonStyle
com.pichillilorenzo.flutter_inappwebview.in_app_webview.InAppWebView$18
androidx.appcompat.view.menu.ExpandedMenuView
com.pichillilorenzo.flutter_inappwebview.in_app_webview.InAppWebView$3: com.pichillilorenzo.flutter_inappwebview.in_app_webview.InAppWebView this$0
com.pichillilorenzo.flutter_inappwebview.types.CreateWindowAction: java.util.Map toMap()
com.google.android.material.R$styleable: int[] ScrimInsetsFrameLayout
com.google.android.material.R$dimen: int design_appbar_elevation
com.pichillilorenzo.flutter_inappwebview.types.Size2D: double getHeight()
androidx.appcompat.R$styleable: int AppCompatTheme_ratingBarStyleSmall
com.google.android.gms.internal.measurement.zzfo: com.google.android.gms.internal.measurement.zzfo zzj
androidx.constraintlayout.widget.R$id: int gone
androidx.appcompat.R$styleable: int[] MenuView
com.pichillilorenzo.flutter_inappwebview.in_app_webview.InAppWebViewChromeClient: android.net.Uri getOutputUri(java.lang.String)
androidx.fragment.app.FragmentActivity: void supportPostponeEnterTransition()
com.pichillilorenzo.flutter_inappwebview.R$layout: int notification_action_tombstone
com.google.android.material.R$id: int expanded_menu
androidx.constraintlayout.widget.R$id: int wrap
com.google.android.material.R$styleable: int ButtonBarLayout_allowStacking
com.pichillilorenzo.flutter_inappwebview.R$styleable: int PopupWindow_android_popupBackground