build/app/outputs/mapping/release/mapping.txt
# compiler: R8
# compiler_version: 2.0.88
# min_api: 19
# pg_map_id: eca02d0
# common_typos_disable
...
com.google.android.exoplayer2.-$$Lambda$ExoPlayerImpl$PlaybackInfoUpdate$fI_Ao37C4zouOtNaX7xHdRfgmVc -> c.a.a.b.l:
    com.google.android.exoplayer2.ExoPlayerImpl$PlaybackInfoUpdate f$0 -> a
    void invokeListener(com.google.android.exoplayer2.Player$EventListener) -> a
com.google.android.exoplayer2.-$$Lambda$ExoPlayerImpl$PlaybackInfoUpdate$ii-_2faqKL2WMzOCrBBJmZAu6gs -> c.a.a.b.m:
    com.google.android.exoplayer2.ExoPlayerImpl$PlaybackInfoUpdate f$0 -> a
    void invokeListener(com.google.android.exoplayer2.Player$EventListener) -> a
com.google.android.exoplayer2.-$$Lambda$ExoPlayerImpl$PlaybackInfoUpdate$qtgZGkc-SZZG_q_QCqwE8oOB7Ao -> c.a.a.b.n:
    com.google.android.exoplayer2.ExoPlayerImpl$PlaybackInfoUpdate f$0 -> a
    void invokeListener(com.google.android.exoplayer2.Player$EventListener) -> a
com.google.android.exoplayer2.-$$Lambda$ExoPlayerImpl$PlaybackInfoUpdate$s9KCl5H9b3lSkGidzs6Cl2QvWQo -> c.a.a.b.o:
    com.google.android.exoplayer2.ExoPlayerImpl$PlaybackInfoUpdate f$0 -> a
    void invokeListener(com.google.android.exoplayer2.Player$EventListener) -> a
com.google.android.exoplayer2.-$$Lambda$ExoPlayerImpl$PlaybackInfoUpdate$sJrY7lA_vUJy5MdfV-ndTSxVTXI -> c.a.a.b.p:
    com.google.android.exoplayer2.ExoPlayerImpl$PlaybackInfoUpdate f$0 -> a
    void invokeListener(com.google.android.exoplayer2.Player$EventListener) -> a
com.google.android.exoplayer2.-$$Lambda$ExoPlayerImpl$PlaybackInfoUpdate$tUn7tXLH0gigHS24TehPEnTXTJ0 -> c.a.a.b.q:
    com.google.android.exoplayer2.ExoPlayerImpl$PlaybackInfoUpdate f$0 -> a
    void invokeListener(com.google.android.exoplayer2.Player$EventListener) -> a
com.google.android.exoplayer2.-$$Lambda$ExoPlayerImpl$Y5sVhtjhGnPBP27999dcLPc8F_A -> c.a.a.b.r:
    com.google.android.exoplayer2.ExoPlayerImpl f$0 -> a
    void onPlaybackInfoUpdate(com.google.android.exoplayer2.ExoPlayerImplInternal$PlaybackInfoUpdate) -> a
com.google.android.exoplayer2.-$$Lambda$ExoPlayerImpl$c3953g1V6xPbTIQ95lEUPxO10qU -> c.a.a.b.s:
    com.google.android.exoplayer2.ExoPlayerImpl f$0 -> l
    com.google.android.exoplayer2.ExoPlayerImplInternal$PlaybackInfoUpdate f$1 -> m
com.google.android.exoplayer2.-$$Lambda$ExoPlayerImpl$xZC2B_j4ELm5Tn7ECuJFVLU4KAc -> c.a.a.b.t:
    int f$0 -> a
    void invokeListener(com.google.android.exoplayer2.Player$EventListener) -> a
com.google.android.exoplayer2.-$$Lambda$ExoPlayerImplInternal$aFDQAhe8WjwID2XRaXNBFAVaeIk -> c.a.a.b.u:
    com.google.android.exoplayer2.ExoPlayerImplInternal f$0 -> a
com.google.android.exoplayer2.-$$Lambda$ExoPlayerImplInternal$jYAePEvZdIycQmMf3fs-rKPB2VU -> c.a.a.b.v:
    com.google.android.exoplayer2.ExoPlayerImplInternal f$0 -> l
    com.google.android.exoplayer2.PlayerMessage f$1 -> m
com.google.android.exoplayer2.-$$Lambda$ExoPlayerImplInternal$vdH6YQpqyxP6KbK0sRxQC-SGllM -> c.a.a.b.w:
    com.google.android.exoplayer2.ExoPlayerImplInternal f$0 -> a
com.google.android.exoplayer2.-$$Lambda$MediaPeriodQueue$2iGKNQypPh5HUlqrPtJVBBK1lhc -> c.a.a.b.x:
    com.google.android.exoplayer2.source.MediaSource$MediaPeriodId f$2 -> n
    com.google.android.exoplayer2.MediaPeriodQueue f$0 -> l
    com.google.common.collect.ImmutableList$Builder f$1 -> m
com.google.android.exoplayer2.-$$Lambda$MediaSourceList$DRc4hnLQZlnNtTKBH8S6xSAkIcU -> c.a.a.b.y:
    com.google.android.exoplayer2.MediaSourceList f$0 -> a
    void onSourceInfoRefreshed(com.google.android.exoplayer2.source.MediaSource,com.google.android.exoplayer2.Timeline) -> a
com.google.android.exoplayer2.-$$Lambda$StreamVolumeManager$VolumeChangeReceiver$GBSF2uV8cR7F4Lk01XPY3pSaLFQ -> c.a.a.b.z:
    com.google.android.exoplayer2.StreamVolumeManager f$0 -> l