build/app/outputs/mapping/release/usage.txt
com.partyshifu.RockK.R$drawable
com.partyshifu.RockK.R$color
com.partyshifu.RockK.R$integer
com.partyshifu.RockK.R$layout
com.partyshifu.RockK.R
com.partyshifu.RockK.R$anim
com.partyshifu.RockK.R$string
com.partyshifu.RockK.R$mipmap
com.partyshifu.RockK.R$dimen
com.partyshifu.RockK.R$bool
com.partyshifu.RockK.R$attr
com.partyshifu.RockK.R$animator
com.partyshifu.RockK.R$style
com.partyshifu.RockK.R$interpolator
com.partyshifu.RockK.R$menu
com.partyshifu.RockK.R$styleable
com.partyshifu.RockK.R$xml
com.partyshifu.RockK.BuildConfig
com.partyshifu.RockK.R$id
...
com.google.android.gms.cloudmessaging.CloudMessage:
    private static int zza(java.lang.String)
    public final java.lang.String getSenderId()
    public final java.lang.String getFrom()
    public final java.lang.String getTo()
    public final synchronized java.util.Map getData()
    public final byte[] getRawData()
    public final java.lang.String getCollapseKey()
    public final java.lang.String getMessageId()
    public final java.lang.String getMessageType()
    public final long getSentTime()
    public final int getTtl()
    public final int getOriginalPriority()
    public final int getPriority()
    private java.util.Map zzb
    public static final int PRIORITY_UNKNOWN
    public static final int PRIORITY_HIGH
    public static final int PRIORITY_NORMAL
io.grpc.ServerCallHandler
com.google.common.util.concurrent.AbstractScheduledService$Scheduler$2
com.google.common.collect.ConcurrentHashMultiset$3
com.google.common.util.concurrent.AbstractService$5
org.intellij.lang.annotations.JdkConstants$InputEventMask
com.google.protobuf.Api$Builder
androidx.appcompat.widget.ActionMenuPresenter$SavedState$1
com.google.common.reflect.Types$ClassOwnership
com.google.firestore.v1.StructuredQuery:
    private void setSelect(com.google.firestore.v1.StructuredQuery$Projection)
    private void mergeSelect(com.google.firestore.v1.StructuredQuery$Projection)
    private void clearSelect()
    private void setFrom(int,com.google.firestore.v1.StructuredQuery$CollectionSelector)
    private void addFrom(int,com.google.firestore.v1.StructuredQuery$CollectionSelector)
    private void addAllFrom(java.lang.Iterable)
    private void clearFrom()
    private void removeFrom(int)
    private void mergeWhere(com.google.firestore.v1.StructuredQuery$Filter)
    private void clearWhere()
    private void setOrderBy(int,com.google.firestore.v1.StructuredQuery$Order)
    private void addOrderBy(int,com.google.firestore.v1.StructuredQuery$Order)
    private void addAllOrderBy(java.lang.Iterable)
    private void clearOrderBy()
    private void removeOrderBy(int)
    private void mergeStartAt(com.google.firestore.v1.Cursor)
    private void clearStartAt()
    private void mergeEndAt(com.google.firestore.v1.Cursor)
    private void clearEndAt()
    private void setOffset(int)
    private void clearOffset()
    private void mergeLimit(com.google.protobuf.Int32Value)
    private void clearLimit()
    public static com.google.firestore.v1.StructuredQuery parseFrom(java.nio.ByteBuffer)
    public static com.google.firestore.v1.StructuredQuery parseFrom(java.nio.ByteBuffer,com.google.protobuf.ExtensionRegistryLite)
org.junit.validator.AnnotationValidator
com.google.common.graph.Traverser$1
com.google.gson.internal.bind.CollectionTypeAdapterFactory$Adapter
com.google.android.exoplayer2.text.Cue$AnchorType
com.google.android.gms.common.internal.SimpleClientAdapter:
    public void <init>(android.content.Context,android.os.Looper,int,com.google.android.gms.common.api.GoogleApiClient$ConnectionCallbacks,com.google.android.gms.common.api.GoogleApiClient$OnConnectionFailedListener,com.google.android.gms.common.internal.ClientSettings,com.google.android.gms.common.api.Api$SimpleClient)
kotlin.jvm.internal.Intrinsics$Kotlin
kotlin.ResultKt
com.google.firestore.v1.CreateDocumentRequest$Builder
com.google.android.exoplayer2.util.NalUnitUtil:
    private void <init>()
    private static final java.lang.String TAG
    public static final int EXTENDED_SAR
    private static final int H264_NAL_UNIT_TYPE_SEI
    private static final int H264_NAL_UNIT_TYPE_SPS
    private static final int H265_NAL_UNIT_TYPE_PREFIX_SEI
com.google.android.exoplayer2.video.spherical.Projection$SubMesh
com.google.common.collect.Hashing:
    private void <init>()
    private static final long C1
    private static final long C2
    private static final int MAX_TABLE_SIZE
androidx.appcompat.text.AllCapsTransformationMethod
com.google.gson.FieldNamingPolicy$4